<?xml version="1.0" encoding="UTF-8"?>
<!-- Generated by org.testng.reporters.JUnitReportReporter -->
<testsuite hostname="Mahir" failures="0" tests="1" name="TestNG.Chronological_Order" time="0.023" errors="0" timestamp="2024-03-10T14:32:23 IST" skipped="0">
  <testcase classname="TestNG.Chronological_Order" name="test" time="0.023"/>
</testsuite> <!-- TestNG.Chronological_Order -->
