<?xml version="1.0" encoding="UTF-8"?>
<!-- Generated by org.testng.reporters.JUnitReportReporter -->
<testsuite hostname="Mahir" failures="0" tests="4" name="TestNG.DataDrivenFramework" time="49.235" errors="0" timestamp="2024-03-16T15:31:49 IST" skipped="0">
  <testcase classname="TestNG.DataDrivenFramework" name="login" time="11.180"/>
  <testcase classname="TestNG.DataDrivenFramework" name="login" time="11.496"/>
  <testcase classname="TestNG.DataDrivenFramework" name="login" time="11.228"/>
  <testcase classname="TestNG.DataDrivenFramework" name="login" time="15.331"/>
</testsuite> <!-- TestNG.DataDrivenFramework -->
