<?xml version="1.0" encoding="UTF-8"?>
<!-- Generated by org.testng.reporters.JUnitReportReporter -->
<testsuite hostname="Mahir" failures="0" tests="3" name="TestNG.ParameterBasic" time="23.581" errors="0" timestamp="2024-03-16T15:25:52 IST" skipped="0">
  <testcase classname="TestNG.ParameterBasic" name="dsw3" time="7.194"/>
  <testcase classname="TestNG.ParameterBasic" name="dsw1" time="9.594"/>
  <testcase classname="TestNG.ParameterBasic" name="dsw2" time="6.793"/>
</testsuite> <!-- TestNG.ParameterBasic -->
