<?xml version="1.0" encoding="UTF-8"?>
<!-- Generated by org.testng.reporters.JUnitReportReporter -->
<testsuite hostname="Mahir" failures="0" tests="1" name="Package1NG.Campus" time="41.275" errors="0" timestamp="2024-03-10T15:24:31 IST" skipped="0">
  <testcase classname="Package1NG.Campus" name="campus" time="41.275"/>
</testsuite> <!-- Package1NG.Campus -->
