<?xml version="1.0" encoding="UTF-8"?>
<!-- Generated by org.testng.reporters.JUnitReportReporter -->
<testsuite hostname="Mahir" failures="0" tests="1" name="Package1NG.Puma" time="41.179" errors="0" timestamp="2024-03-10T15:44:33 IST" skipped="0">
  <testcase classname="Package1NG.Puma" name="puma" time="41.179"/>
</testsuite> <!-- Package1NG.Puma -->
