<?xml version="1.0" encoding="UTF-8"?>
<!-- Generated by org.testng.reporters.JUnitReportReporter -->
<testsuite hostname="Mahir" failures="0" tests="1" name="TestNG.Launch" time="15.236" errors="0" timestamp="2024-03-10T12:18:05 IST" skipped="0">
  <testcase classname="TestNG.Launch" name="launch" time="15.236">
    <system-out>
      <![CDATA[Hi Hello]]>
    </system-out>
  </testcase> <!-- launch -->
  <system-out>
    <![CDATA[Hi Hello]]>
  </system-out>
</testsuite> <!-- TestNG.Launch -->
