<?xml version="1.0" encoding="UTF-8"?>
<!-- Generated by org.testng.reporters.JUnitReportReporter -->
<testsuite hostname="Mahir" failures="0" tests="5" name="TestNG.HelperMethods" time="82.457" errors="0" timestamp="2024-03-10T13:18:26 IST" skipped="0">
  <testcase classname="TestNG.HelperMethods" name="indiaMart" time="10.491">
    <system-out>
      <![CDATA[IndiaMart]]>
    </system-out>
  </testcase> <!-- indiaMart -->
  <testcase classname="TestNG.HelperMethods" name="redBus" time="24.210">
    <system-out>
      <![CDATA[RedBus]]>
    </system-out>
  </testcase> <!-- redBus -->
  <testcase classname="TestNG.HelperMethods" name="redBus" time="11.167">
    <system-out>
      <![CDATA[RedBus]]>
    </system-out>
  </testcase> <!-- redBus -->
  <testcase classname="TestNG.HelperMethods" name="redBus" time="21.716">
    <system-out>
      <![CDATA[RedBus]]>
    </system-out>
  </testcase> <!-- redBus -->
  <testcase classname="TestNG.HelperMethods" name="easeMyTrip" time="14.873">
    <system-out>
      <![CDATA[EaseMyTrip]]>
    </system-out>
  </testcase> <!-- easeMyTrip -->
  <system-out>
    <![CDATA[IndiaMart
RedBus
RedBus
RedBus
EaseMyTrip]]>
  </system-out>
</testsuite> <!-- TestNG.HelperMethods -->
