<?xml version="1.0" encoding="UTF-8"?>
<!-- Generated by org.testng.reporters.JUnitReportReporter -->
<testsuite hostname="Mahir" failures="0" tests="4" name="TestNG.Order" time="37.168" errors="0" timestamp="2024-03-10T12:52:18 IST" skipped="0">
  <testcase classname="TestNG.Order" name="redBus1" time="10.951">
    <system-out>
      <![CDATA[RedBus 1]]>
    </system-out>
  </testcase> <!-- redBus1 -->
  <testcase classname="TestNG.Order" name="indiaMart" time="6.597">
    <system-out>
      <![CDATA[IndiaMart]]>
    </system-out>
  </testcase> <!-- indiaMart -->
  <testcase classname="TestNG.Order" name="easeMyTrip" time="11.556">
    <system-out>
      <![CDATA[EaseMyTrip]]>
    </system-out>
  </testcase> <!-- easeMyTrip -->
  <testcase classname="TestNG.Order" name="redBus" time="8.064">
    <system-out>
      <![CDATA[RedBus]]>
    </system-out>
  </testcase> <!-- redBus -->
  <system-out>
    <![CDATA[RedBus 1
IndiaMart
EaseMyTrip
RedBus]]>
  </system-out>
</testsuite> <!-- TestNG.Order -->
