<?xml version="1.0" encoding="UTF-8"?>
<!-- Generated by org.testng.reporters.JUnitReportReporter -->
<testsuite hostname="Mahir" failures="0" tests="1" name="Package2NG.Hero" time="36.471" errors="0" timestamp="2024-03-10T15:24:31 IST" skipped="0">
  <testcase classname="Package2NG.Hero" name="hero" time="36.471"/>
</testsuite> <!-- Package2NG.Hero -->
