<?xml version="1.0" encoding="UTF-8"?>
<!-- Generated by org.testng.reporters.JUnitReportReporter -->
<testsuite hostname="Mahir" failures="0" tests="1" name="Package1NG.Adidas" time="40.428" errors="0" timestamp="2024-03-10T15:44:33 IST" skipped="0">
  <testcase classname="Package1NG.Adidas" name="adidas" time="40.428"/>
</testsuite> <!-- Package1NG.Adidas -->
