<?xml version="1.0" encoding="UTF-8"?>
<!-- Generated by org.testng.reporters.JUnitReportReporter -->
<testsuite hostname="Mahir" failures="0" tests="1" name="Package1NG.Reebok" time="36.646" errors="0" timestamp="2024-03-10T15:24:31 IST" skipped="0">
  <testcase classname="Package1NG.Reebok" name="reebok" time="36.646"/>
</testsuite> <!-- Package1NG.Reebok -->
