<?xml version="1.0" encoding="UTF-8"?>
<!-- Generated by org.testng.reporters.JUnitReportReporter -->
<testsuite hostname="Mahir" failures="0" tests="1" name="Assertions.SoftAssertMethods" time="11.736" errors="0" timestamp="2024-03-17T11:55:48 IST" skipped="0">
  <testcase classname="Assertions.SoftAssertMethods" name="dws" time="11.736"/>
</testsuite> <!-- Assertions.SoftAssertMethods -->
