<?xml version="1.0" encoding="UTF-8"?>
<!-- Generated by org.testng.reporters.JUnitReportReporter -->
<testsuite hostname="Mahir" failures="0" tests="1" name="Package2NG.Kawasaki" time="111.197" errors="0" timestamp="2024-03-10T15:44:33 IST" skipped="0">
  <testcase classname="Package2NG.Kawasaki" name="kawasaki" time="111.197"/>
</testsuite> <!-- Package2NG.Kawasaki -->
