<?xml version="1.0" encoding="UTF-8"?>
<!-- Generated by org.testng.reporters.JUnitReportReporter -->
<testsuite hostname="Mahir" failures="0" tests="1" name="Package2NG.Yamaha" time="40.055" errors="0" timestamp="2024-03-10T15:44:33 IST" skipped="0">
  <testcase classname="Package2NG.Yamaha" name="yamaha" time="40.055"/>
</testsuite> <!-- Package2NG.Yamaha -->
