<?xml version="1.0" encoding="UTF-8"?>
<!-- Generated by org.testng.reporters.JUnitReportReporter -->
<testsuite hostname="Mahir" failures="0" tests="1" name="Assertions.Task" time="11.711" errors="0" timestamp="2024-03-17T13:03:22 IST" skipped="0">
  <testcase classname="Assertions.Task" name="dws" time="11.711"/>
</testsuite> <!-- Assertions.Task -->
