<?xml version="1.0" encoding="UTF-8"?>
<!-- Generated by org.testng.reporters.JUnitReportReporter -->
<testsuite hostname="Mahir" failures="0" tests="1" name="Assertions.HardAssertMethods" time="10.445" errors="0" timestamp="2024-03-17T11:27:05 IST" skipped="0">
  <testcase classname="Assertions.HardAssertMethods" name="dws" time="10.445"/>
</testsuite> <!-- Assertions.HardAssertMethods -->
